<?xml version="1.0" encoding="UTF-8"?>
<!-- Generated by org.testng.reporters.JUnitReportReporter -->
<testsuite hostname="DESKTOP-AVUAUJN" failures="0" tests="1" name="tests.HomeTest" time="13.085" errors="0" timestamp="2023-05-04T13:09:45 BST" skipped="0">
  <testcase classname="tests.HomeTest" name="verifyhomepagelogo" time="13.085"/>
  <system-out/>
</testsuite> <!-- tests.HomeTest -->
