<?xml version="1.0" encoding="UTF-8"?>
<!-- Generated by org.testng.reporters.JUnitReportReporter -->
<testsuite hostname="DESKTOP-AVUAUJN" failures="0" tests="1" name="tests.TableTest" time="17.992" errors="0" timestamp="2023-05-04T19:57:09 BST" skipped="0">
  <testcase classname="tests.TableTest" name="verifytablepage" time="17.992"/>
  <system-out/>
</testsuite> <!-- tests.TableTest -->
