<?xml version="1.0" encoding="UTF-8"?>
<!-- Generated by org.testng.reporters.JUnitReportReporter -->
<testsuite hostname="DESKTOP-AVUAUJN" failures="0" tests="1" name="tests.InputFormTest" time="13.251" errors="0" timestamp="2023-05-04T13:28:21 BST" skipped="0">
  <testcase classname="tests.InputFormTest" name="verifyinputformpage" time="13.251"/>
  <system-out/>
</testsuite> <!-- tests.InputFormTest -->
